[2021-05-25T14:53:42.687] [DEBUG] cheese - login => username:admin,password:123456
[2021-05-25T14:53:42.688] [DEBUG] cheese - admin
[2021-05-25T14:53:42.703] [DEBUG] cheese - null
[2021-05-25T14:53:42.703] [DEBUG] cheese - null
[2022-01-01T15:50:43.344] [DEBUG] cheese - login => username:zs,password:123456
[2022-01-01T15:50:43.403] [DEBUG] cheese - zs
[2022-01-01T15:50:43.445] [DEBUG] cheese - null
[2022-01-01T15:50:43.446] [DEBUG] cheese - null
[2022-01-01T15:51:34.297] [DEBUG] cheese - login => username:admin,password:123456
[2022-01-01T15:51:34.298] [DEBUG] cheese - admin
[2022-01-01T15:51:34.314] [DEBUG] cheese - null
[2022-01-01T15:51:34.315] [DEBUG] cheese - null
[2022-01-02T10:33:33.696] [DEBUG] cheese - login => username:ViolentAyang,password:777777777
[2022-01-02T10:33:33.700] [DEBUG] cheese - ViolentAyang
[2022-01-02T10:33:33.764] [DEBUG] cheese - null
[2022-01-02T10:33:33.765] [DEBUG] cheese - null
[2022-01-02T10:34:30.591] [DEBUG] cheese - login => username:ViolentAyang,password:777777777
[2022-01-02T10:34:30.591] [DEBUG] cheese - ViolentAyang
[2022-01-02T10:34:30.601] [DEBUG] cheese - null
[2022-01-02T10:34:30.601] [DEBUG] cheese - null
[2022-01-02T10:37:28.951] [DEBUG] cheese - login => username:ViolentAyang,password:777777777
[2022-01-02T10:37:28.952] [DEBUG] cheese - ViolentAyang
[2022-01-02T10:37:28.975] [DEBUG] cheese - null
[2022-01-02T10:37:28.975] [DEBUG] cheese - null
[2022-01-02T10:37:55.648] [DEBUG] cheese - login => username:admin,password:123456
[2022-01-02T10:37:55.648] [DEBUG] cheese - admin
[2022-01-02T10:37:55.657] [DEBUG] cheese - null
[2022-01-02T10:37:55.658] [DEBUG] cheese - null
[2022-01-02T10:39:24.066] [DEBUG] cheese - login => username:ViolentAyang,password:777777777
[2022-01-02T10:39:24.067] [DEBUG] cheese - ViolentAyang
[2022-01-02T10:39:24.075] [DEBUG] cheese - null
[2022-01-02T10:39:24.075] [DEBUG] cheese - null
[2022-01-02T10:39:32.228] [DEBUG] cheese - login => username:admin,password:123456
[2022-01-02T10:39:32.228] [DEBUG] cheese - admin
[2022-01-02T10:39:32.233] [DEBUG] cheese - null
[2022-01-02T10:39:32.233] [DEBUG] cheese - null
[2022-01-02T10:48:14.261] [DEBUG] cheese - login => username:ViolentAyang,password:777777777
[2022-01-02T10:48:14.261] [DEBUG] cheese - ViolentAyang
[2022-01-02T10:48:14.273] [DEBUG] cheese - null
[2022-01-02T10:48:14.273] [DEBUG] cheese - null
[2022-01-02T10:48:16.082] [DEBUG] cheese - login => username:ViolentAyang,password:777777777
[2022-01-02T10:48:16.082] [DEBUG] cheese - ViolentAyang
[2022-01-02T10:48:16.089] [DEBUG] cheese - null
[2022-01-02T10:48:16.089] [DEBUG] cheese - null
[2022-01-02T10:48:40.767] [DEBUG] cheese - login => username:ViolentAyang,password:777777777
[2022-01-02T10:48:40.767] [DEBUG] cheese - ViolentAyang
[2022-01-02T10:48:40.772] [DEBUG] cheese - null
[2022-01-02T10:48:40.772] [DEBUG] cheese - null
[2022-01-02T10:48:47.581] [DEBUG] cheese - login => username:admin,password:123456
[2022-01-02T10:48:47.582] [DEBUG] cheese - admin
[2022-01-02T10:48:47.588] [DEBUG] cheese - null
[2022-01-02T10:48:47.589] [DEBUG] cheese - null
[2022-01-02T10:48:58.585] [DEBUG] cheese - login => username:ViolentAyang,password:777777777
[2022-01-02T10:48:58.585] [DEBUG] cheese - ViolentAyang
[2022-01-02T10:48:58.590] [DEBUG] cheese - null
[2022-01-02T10:48:58.590] [DEBUG] cheese - null
[2022-01-02T10:49:05.661] [DEBUG] cheese - login => username:admin,password:1213456
[2022-01-02T10:49:05.661] [DEBUG] cheese - admin
[2022-01-02T10:49:05.669] [DEBUG] cheese - null
[2022-01-02T10:49:05.670] [DEBUG] cheese - null
[2022-01-02T10:49:09.969] [DEBUG] cheese - login => username:admin,password:123456
[2022-01-02T10:49:09.969] [DEBUG] cheese - admin
[2022-01-02T10:49:09.974] [DEBUG] cheese - null
[2022-01-02T10:49:09.975] [DEBUG] cheese - null
[2022-01-02T10:55:44.392] [DEBUG] cheese - login => username:admin,password:123456
[2022-01-02T10:55:44.392] [DEBUG] cheese - admin
[2022-01-02T10:55:44.409] [DEBUG] cheese - null
[2022-01-02T10:55:44.409] [DEBUG] cheese - null
[2022-01-02T10:58:27.967] [DEBUG] cheese - login => username:admin,password:123456
[2022-01-02T10:58:27.968] [DEBUG] cheese - admin
[2022-01-02T10:58:27.990] [DEBUG] cheese - null
[2022-01-02T10:58:27.990] [DEBUG] cheese - null
[2022-01-02T11:01:38.321] [DEBUG] cheese - login => username:admin,password:123456
[2022-01-02T11:01:38.322] [DEBUG] cheese - admin
[2022-01-02T11:01:38.337] [DEBUG] cheese - null
[2022-01-02T11:01:38.338] [DEBUG] cheese - null
[2022-01-02T11:25:39.190] [DEBUG] cheese - login => username:555,password:123456
[2022-01-02T11:25:39.190] [DEBUG] cheese - 555
[2022-01-02T11:25:39.205] [DEBUG] cheese - null
[2022-01-02T11:25:39.205] [DEBUG] cheese - null
[2022-01-02T11:28:16.838] [DEBUG] cheese - login => username:66666,password:123456
[2022-01-02T11:28:16.838] [DEBUG] cheese - 66666
[2022-01-02T11:28:16.854] [DEBUG] cheese - null
[2022-01-02T11:28:16.854] [DEBUG] cheese - null
[2022-01-02T12:25:42.821] [DEBUG] cheese - login => username:admin,password:123456
[2022-01-02T12:25:42.821] [DEBUG] cheese - admin
[2022-01-02T12:25:42.839] [DEBUG] cheese - null
[2022-01-02T12:25:42.840] [DEBUG] cheese - null
[2022-01-02T12:28:31.291] [DEBUG] cheese - login => username:admin,password:123456
[2022-01-02T12:28:31.291] [DEBUG] cheese - admin
[2022-01-02T12:28:31.306] [DEBUG] cheese - null
[2022-01-02T12:28:31.306] [DEBUG] cheese - null
[2022-01-02T13:00:00.763] [DEBUG] cheese - login => username:admin,password:123456
[2022-01-02T13:00:00.763] [DEBUG] cheese - admin
[2022-01-02T13:00:00.776] [DEBUG] cheese - null
[2022-01-02T13:00:00.777] [DEBUG] cheese - null
[2022-01-02T15:11:35.920] [DEBUG] cheese - login => username:admin,password:123456
[2022-01-02T15:11:35.921] [DEBUG] cheese - admin
[2022-01-02T15:11:35.953] [DEBUG] cheese - null
[2022-01-02T15:11:35.953] [DEBUG] cheese - null
[2022-01-02T15:14:04.033] [DEBUG] cheese - login => username:admin,password:123456
[2022-01-02T15:14:04.034] [DEBUG] cheese - admin
[2022-01-02T15:14:04.051] [DEBUG] cheese - null
[2022-01-02T15:14:04.051] [DEBUG] cheese - null
[2022-01-02T16:33:55.631] [DEBUG] cheese - login => username:admin,password:123456
[2022-01-02T16:33:55.633] [DEBUG] cheese - admin
[2022-01-02T16:33:55.647] [DEBUG] cheese - null
[2022-01-02T16:33:55.647] [DEBUG] cheese - null
[2022-01-02T16:36:11.761] [DEBUG] cheese - login => username:admin,password:123456
[2022-01-02T16:36:11.762] [DEBUG] cheese - admin
[2022-01-02T16:36:11.765] [DEBUG] cheese - null
[2022-01-02T16:36:11.765] [DEBUG] cheese - null
[2022-01-02T16:50:09.283] [DEBUG] cheese - login => username:admin,password:123456
[2022-01-02T16:50:09.283] [DEBUG] cheese - admin
[2022-01-02T16:50:09.288] [DEBUG] cheese - null
[2022-01-02T16:50:09.288] [DEBUG] cheese - null
[2022-01-02T19:51:07.033] [DEBUG] cheese - login => username:admin,password:123456
[2022-01-02T19:51:07.036] [DEBUG] cheese - admin
[2022-01-02T19:51:07.046] [DEBUG] cheese - null
[2022-01-02T19:51:07.046] [DEBUG] cheese - null
[2022-01-02T21:43:34.345] [DEBUG] cheese - login => username:admin,password:123456
[2022-01-02T21:43:34.348] [DEBUG] cheese - admin
[2022-01-02T21:43:34.364] [DEBUG] cheese - null
[2022-01-02T21:43:34.365] [DEBUG] cheese - null
[2022-01-03T09:26:21.793] [DEBUG] cheese - login => username:admin,password:123456
[2022-01-03T09:26:21.797] [DEBUG] cheese - admin
[2022-01-03T09:26:22.464] [DEBUG] cheese - null
[2022-01-03T09:26:22.466] [DEBUG] cheese - null
[2022-01-03T09:51:25.957] [DEBUG] cheese - login => username:admin,password:123456
[2022-01-03T09:51:25.958] [DEBUG] cheese - admin
[2022-01-03T09:51:25.965] [DEBUG] cheese - null
[2022-01-03T09:51:25.966] [DEBUG] cheese - null
[2022-01-03T15:12:51.830] [DEBUG] cheese - login => username:admin,password:123456
[2022-01-03T15:12:51.832] [DEBUG] cheese - admin
[2022-01-03T15:12:51.843] [DEBUG] cheese - null
[2022-01-03T15:12:51.843] [DEBUG] cheese - null
[2022-01-03T17:42:25.050] [DEBUG] cheese - login => username:admin,password:123456
[2022-01-03T17:42:25.054] [DEBUG] cheese - admin
[2022-01-03T17:42:25.185] [DEBUG] cheese - null
[2022-01-03T17:42:25.186] [DEBUG] cheese - null
[2022-01-03T18:45:20.337] [DEBUG] cheese - login => username:admin,password:123456
[2022-01-03T18:45:20.341] [DEBUG] cheese - admin
[2022-01-03T18:45:20.459] [DEBUG] cheese - null
[2022-01-03T18:45:20.461] [DEBUG] cheese - null
[2022-01-03T18:57:09.634] [DEBUG] cheese - login => username:ViolentAyang,password:123456
[2022-01-03T18:57:09.635] [DEBUG] cheese - ViolentAyang
[2022-01-03T18:57:09.641] [DEBUG] cheese - null
[2022-01-03T18:57:09.642] [DEBUG] cheese - null
[2022-01-03T18:57:19.923] [DEBUG] cheese - login => username:admin,password:123456
[2022-01-03T18:57:19.924] [DEBUG] cheese - admin
[2022-01-03T18:57:19.929] [DEBUG] cheese - null
[2022-01-03T18:57:19.929] [DEBUG] cheese - null
[2022-01-04T08:34:54.622] [DEBUG] cheese - login => username:admin,password:123456
[2022-01-04T08:34:54.625] [DEBUG] cheese - admin
[2022-01-04T08:34:54.883] [DEBUG] cheese - null
[2022-01-04T08:34:54.884] [DEBUG] cheese - null
[2022-01-04T08:53:10.823] [DEBUG] cheese - null
[2022-01-05T08:39:42.425] [DEBUG] cheese - login => username:admin,password:123456
[2022-01-05T08:39:42.429] [DEBUG] cheese - admin
[2022-01-05T08:39:42.492] [DEBUG] cheese - null
[2022-01-05T08:39:42.494] [DEBUG] cheese - null
[2022-01-05T09:13:45.304] [DEBUG] cheese - login => username:admin,password:123456
[2022-01-05T09:13:45.306] [DEBUG] cheese - admin
[2022-01-05T09:13:45.320] [DEBUG] cheese - null
[2022-01-05T09:13:45.321] [DEBUG] cheese - null
[2022-01-05T09:25:02.271] [DEBUG] cheese - login => username:admin,password:123456
[2022-01-05T09:25:02.272] [DEBUG] cheese - admin
[2022-01-05T09:25:02.284] [DEBUG] cheese - null
[2022-01-05T09:25:02.284] [DEBUG] cheese - null
[2022-01-05T12:32:49.351] [DEBUG] cheese - login => username:admin,password:123456
[2022-01-05T12:32:49.354] [DEBUG] cheese - admin
[2022-01-05T12:32:49.362] [DEBUG] cheese - null
[2022-01-05T12:32:49.363] [DEBUG] cheese - null
[2022-01-06T08:32:27.694] [DEBUG] cheese - login => username:ViolentAyang,password:777777777
[2022-01-06T08:32:27.698] [DEBUG] cheese - ViolentAyang
[2022-01-06T08:32:27.752] [DEBUG] cheese - null
[2022-01-06T08:32:27.753] [DEBUG] cheese - null
[2022-01-06T08:32:32.779] [DEBUG] cheese - login => username:ViolentAyang,password:123456
[2022-01-06T08:32:32.779] [DEBUG] cheese - ViolentAyang
[2022-01-06T08:32:32.785] [DEBUG] cheese - null
[2022-01-06T08:32:32.785] [DEBUG] cheese - null
[2022-01-06T08:32:40.712] [DEBUG] cheese - login => username:admin,password:123456
[2022-01-06T08:32:40.713] [DEBUG] cheese - admin
[2022-01-06T08:32:40.721] [DEBUG] cheese - null
[2022-01-06T08:32:40.721] [DEBUG] cheese - null
[2022-01-06T09:10:53.539] [DEBUG] cheese - login => username:admin,password:123456
[2022-01-06T09:10:53.540] [DEBUG] cheese - admin
[2022-01-06T09:10:53.552] [DEBUG] cheese - null
[2022-01-06T09:10:53.553] [DEBUG] cheese - null
[2022-01-06T14:11:37.807] [DEBUG] cheese - login => username:admin,password:123456
[2022-01-06T14:11:37.810] [DEBUG] cheese - admin
[2022-01-06T14:11:37.914] [DEBUG] cheese - null
[2022-01-06T14:11:37.915] [DEBUG] cheese - null
[2022-01-12T23:35:53.901] [DEBUG] cheese - login => username:admin,password:123456
[2022-01-12T23:35:53.904] [DEBUG] cheese - admin
[2022-01-12T23:35:53.971] [DEBUG] cheese - null
[2022-01-12T23:35:53.973] [DEBUG] cheese - null
[2022-09-15T16:04:09.806] [DEBUG] cheese - login => username:ceshi,password:ceshi123
[2022-09-15T16:04:09.807] [DEBUG] cheese - ceshi
[2022-09-15T16:04:09.841] [DEBUG] cheese - null
[2022-09-15T16:09:27.341] [DEBUG] cheese - login => username:ceshi,password:ceshi123
[2022-09-15T16:09:27.342] [DEBUG] cheese - ceshi
[2022-09-15T16:09:27.353] [DEBUG] cheese - null
[2022-09-15T16:14:21.355] [DEBUG] cheese - login => username:ceshi,password:ceshi123
[2022-09-15T16:14:21.357] [DEBUG] cheese - ceshi
[2022-09-15T16:14:21.369] [DEBUG] cheese - null
[2022-09-15T16:15:36.693] [DEBUG] cheese - login => username:admin,password:123456
[2022-09-15T16:15:36.695] [DEBUG] cheese - admin
[2022-09-15T16:15:36.707] [DEBUG] cheese - null
[2022-09-15T16:15:36.707] [DEBUG] cheese - null
